0 info it worked if it ends with ok
1 verbose cli [ '/Users/Niccie/.asdf/installs/nodejs/6.10.2/bin/node',
1 verbose cli   '/Users/Niccie/.asdf/installs/nodejs/6.10.2/bin/npm',
1 verbose cli   'run',
1 verbose cli   'test' ]
2 info using npm@3.10.10
3 info using node@v6.10.2
4 verbose run-script [ 'pretest', 'test', 'posttest' ]
5 info lifecycle dms@1.0.0~pretest: dms@1.0.0
6 verbose lifecycle dms@1.0.0~pretest: unsafe-perm in lifecycle true
7 verbose lifecycle dms@1.0.0~pretest: PATH: /Users/Niccie/.asdf/installs/nodejs/6.10.2/lib/node_modules/npm/bin/node-gyp-bin:/Users/Niccie/workspace/DMS/node_modules/.bin:/Users/Niccie/.asdf/installs/nodejs/6.10.2/bin:/Users/Niccie/.asdf/bin:/Users/Niccie/.asdf/shims:/usr/local/bin:/usr/bin:/bin:/usr/sbin:/sbin:/Applications/Postgres.app/Contents/Versions/latest/bin
8 verbose lifecycle dms@1.0.0~pretest: CWD: /Users/Niccie/workspace/DMS
9 silly lifecycle dms@1.0.0~pretest: Args: [ '-c', 'export NODE_ENV=test' ]
10 silly lifecycle dms@1.0.0~pretest: Returned: code: 0  signal: null
11 info lifecycle dms@1.0.0~test: dms@1.0.0
12 verbose lifecycle dms@1.0.0~test: unsafe-perm in lifecycle true
13 verbose lifecycle dms@1.0.0~test: PATH: /Users/Niccie/.asdf/installs/nodejs/6.10.2/lib/node_modules/npm/bin/node-gyp-bin:/Users/Niccie/workspace/DMS/node_modules/.bin:/Users/Niccie/.asdf/installs/nodejs/6.10.2/bin:/Users/Niccie/.asdf/bin:/Users/Niccie/.asdf/shims:/usr/local/bin:/usr/bin:/bin:/usr/sbin:/sbin:/Applications/Postgres.app/Contents/Versions/latest/bin
14 verbose lifecycle dms@1.0.0~test: CWD: /Users/Niccie/workspace/DMS
15 silly lifecycle dms@1.0.0~test: Args: [ '-c', 'npm run test:backend && npm run test:frontend' ]
16 silly lifecycle dms@1.0.0~test: Returned: code: 1  signal: null
17 info lifecycle dms@1.0.0~test: Failed to exec test script
18 verbose stack Error: dms@1.0.0 test: `npm run test:backend && npm run test:frontend`
18 verbose stack Exit status 1
18 verbose stack     at EventEmitter.<anonymous> (/Users/Niccie/.asdf/installs/nodejs/6.10.2/lib/node_modules/npm/lib/utils/lifecycle.js:255:16)
18 verbose stack     at emitTwo (events.js:106:13)
18 verbose stack     at EventEmitter.emit (events.js:191:7)
18 verbose stack     at ChildProcess.<anonymous> (/Users/Niccie/.asdf/installs/nodejs/6.10.2/lib/node_modules/npm/lib/utils/spawn.js:40:14)
18 verbose stack     at emitTwo (events.js:106:13)
18 verbose stack     at ChildProcess.emit (events.js:191:7)
18 verbose stack     at maybeClose (internal/child_process.js:886:16)
18 verbose stack     at Process.ChildProcess._handle.onexit (internal/child_process.js:226:5)
19 verbose pkgid dms@1.0.0
20 verbose cwd /Users/Niccie/workspace/DMS
21 error Darwin 15.6.0
22 error argv "/Users/Niccie/.asdf/installs/nodejs/6.10.2/bin/node" "/Users/Niccie/.asdf/installs/nodejs/6.10.2/bin/npm" "run" "test"
23 error node v6.10.2
24 error npm  v3.10.10
25 error code ELIFECYCLE
26 error dms@1.0.0 test: `npm run test:backend && npm run test:frontend`
26 error Exit status 1
27 error Failed at the dms@1.0.0 test script 'npm run test:backend && npm run test:frontend'.
27 error Make sure you have the latest version of node.js and npm installed.
27 error If you do, this is most likely a problem with the dms package,
27 error not with npm itself.
27 error Tell the author that this fails on your system:
27 error     npm run test:backend && npm run test:frontend
27 error You can get information on how to open an issue for this project with:
27 error     npm bugs dms
27 error Or if that isn't available, you can get their info via:
27 error     npm owner ls dms
27 error There is likely additional logging output above.
28 verbose exit [ 1, true ]
